build/app/outputs/mapping/r8/release/mapping.txt
# compiler: R8
# compiler_version: 1.3.49
# min_api: 16
com.example.hamburgueria.MainActivity -> com.example.hamburgueria.MainActivity:
    1:1:void <init>():7:7 -> <init>
    1:2:void onCreate(android.os.Bundle):10:11 -> onCreate
...
com.google.android.gms.common.api.AvailabilityException -> com.google.android.gms.common.api.c:
    androidx.collection.ArrayMap zaay -> a
    1:2:void <init>(androidx.collection.ArrayMap):1:2 -> <init>
    1:4:java.lang.String getMessage():11:14 -> getMessage
    5:5:java.lang.String getMessage():16:16 -> getMessage
    6:6:java.lang.String getMessage():18:18 -> getMessage
    7:10:java.lang.String getMessage():20:23 -> getMessage
com.google.android.gms.common.api.CommonStatusCodes -> com.google.android.gms.common.api.d:
    1:1:java.lang.String getStatusCodeString(int):18:18 -> a
com.google.android.gms.common.api.GoogleApi -> com.google.android.gms.common.api.e:
    android.content.Context mContext -> a
    com.google.android.gms.common.api.internal.GoogleApiManager zabm -> i
    com.google.android.gms.common.api.internal.zai zabi -> d
    com.google.android.gms.common.api.internal.StatusExceptionMapper zabl -> h
    int mId -> f
    android.os.Looper zabj -> e
    com.google.android.gms.common.api.Api$ApiOptions zabh -> c
    com.google.android.gms.common.api.GoogleApiClient zabk -> g
    com.google.android.gms.common.api.Api mApi -> b
    1:14:void <init>(android.content.Context,com.google.android.gms.common.api.Api,com.google.android.gms.common.api.Api$ApiOptions,com.google.android.gms.common.api.GoogleApi$Settings):34:47 -> <init>
    15:15:void <init>(android.content.Context,com.google.android.gms.common.api.Api,com.google.android.gms.common.api.Api$ApiOptions,com.google.android.gms.common.api.internal.StatusExceptionMapper):53:53 -> <init>
    1:3:com.google.android.gms.tasks.Task zaa(int,com.google.android.gms.common.api.internal.TaskApiCall):58:60 -> a
    4:4:com.google.android.gms.tasks.Task doRead(com.google.android.gms.common.api.internal.TaskApiCall):62:62 -> a
    5:7:com.google.android.gms.common.api.Api$Client zaa(android.os.Looper,com.google.android.gms.common.api.internal.GoogleApiManager$zaa):91:93 -> a
    8:8:com.google.android.gms.common.internal.ClientSettings$Builder createClientSettingsBuilder():102:102 -> a
com.google.android.gms.common.api.GoogleApi$Settings -> com.google.android.gms.common.api.e$a:
    android.os.Looper zabo -> c
    com.google.android.gms.common.api.GoogleApi$Settings DEFAULT_SETTINGS -> a
    com.google.android.gms.common.api.internal.StatusExceptionMapper zabn -> b
    1:1:void <clinit>():6:6 -> <clinit>
    1:3:void <init>(com.google.android.gms.common.api.internal.StatusExceptionMapper,android.accounts.Account,android.os.Looper):1:3 -> <init>
    4:4:void <init>(com.google.android.gms.common.api.internal.StatusExceptionMapper,android.accounts.Account,android.os.Looper,com.google.android.gms.common.api.zab):5:5 -> <init>
com.google.android.gms.common.api.GoogleApi$Settings$Builder -> com.google.android.gms.common.api.e$a$a:
    android.os.Looper zabj -> b
    com.google.android.gms.common.api.internal.StatusExceptionMapper zabl -> a
    1:1:void <init>():1:1 -> <init>
    1:2:com.google.android.gms.common.api.GoogleApi$Settings$Builder setMapper(com.google.android.gms.common.api.internal.StatusExceptionMapper):2:3 -> a
    3:7:com.google.android.gms.common.api.GoogleApi$Settings build():8:12 -> a